info it worked if it ends with ok
verbose cli [ 'node', '/Users/TRON/local/node/bin/npm', 'link' ]
info using npm@1.0.28
info using node@v0.4.10
verbose config file /Users/TRON/.npmrc
verbose config file /Users/TRON/local/node/etc/npmrc
ERR! Failed to parse json
ERR! Unexpected string
ERR! File: /Users/TRON/personal/snow/package.json
ERR! JSON.parse Failed to parse package.json data.
ERR! JSON.parse package.json must be actual JSON, not just JavaScript.
ERR! JSON.parse This is not a bug in npm.
ERR! JSON.parse Tell the package author to fix their package.json file.
ERR! 
ERR! System Darwin 11.2.0
ERR! command "node" "/Users/TRON/local/node/bin/npm" "link"
ERR! cwd /Users/TRON/personal/snow
ERR! node -v v0.4.10
ERR! npm -v 1.0.28
verbose exit [ 1, true ]
